<?xml version="1.0" encoding="UTF-8"?>
<coverage generated="1530107258496" clover="3.2.0">
  <project timestamp="1530107258496" name="All files">
    <metrics statements="20" coveredstatements="1" conditionals="0" coveredconditionals="0" methods="11" coveredmethods="1" elements="31" coveredelements="2" complexity="0" loc="20" ncloc="20" packages="2" files="6" classes="6">
      <package name="src">
        <metrics statements="2" coveredstatements="0" conditionals="0" coveredconditionals="0" methods="1" coveredmethods="0"/>
        <file name="App.vue" path="/Users/sidhinthomas/workspace/church/src/App.vue">
          <metrics statements="2" coveredstatements="0" conditionals="0" coveredconditionals="0" methods="1" coveredmethods="0"/>
          <line num="10" count="0" type="stmt"/>
          <line num="11" count="0" type="stmt"/>
        </file>
      </package>
      <package name="src.components">
        <metrics statements="18" coveredstatements="1" conditionals="0" coveredconditionals="0" methods="10" coveredmethods="1"/>
        <file name="HelloWorld.vue" path="/Users/sidhinthomas/workspace/church/src/components/HelloWorld.vue">
          <metrics statements="1" coveredstatements="1" conditionals="0" coveredconditionals="0" methods="1" coveredmethods="1"/>
          <line num="90" count="1" type="stmt"/>
        </file>
        <file name="Home.vue" path="/Users/sidhinthomas/workspace/church/src/components/Home.vue">
          <metrics statements="7" coveredstatements="0" conditionals="0" coveredconditionals="0" methods="3" coveredmethods="0"/>
          <line num="48" count="0" type="stmt"/>
          <line num="50" count="0" type="stmt"/>
          <line num="53" count="0" type="stmt"/>
          <line num="54" count="0" type="stmt"/>
          <line num="58" count="0" type="stmt"/>
          <line num="63" count="0" type="stmt"/>
          <line num="70" count="0" type="stmt"/>
        </file>
        <file name="Navbar.vue" path="/Users/sidhinthomas/workspace/church/src/components/Navbar.vue">
          <metrics statements="5" coveredstatements="0" conditionals="0" coveredconditionals="0" methods="4" coveredmethods="0"/>
          <line num="56" count="0" type="stmt"/>
          <line num="59" count="0" type="stmt"/>
          <line num="60" count="0" type="stmt"/>
          <line num="61" count="0" type="stmt"/>
          <line num="73" count="0" type="stmt"/>
        </file>
        <file name="Notice.vue" path="/Users/sidhinthomas/workspace/church/src/components/Notice.vue">
          <metrics statements="3" coveredstatements="0" conditionals="0" coveredconditionals="0" methods="1" coveredmethods="0"/>
          <line num="16" count="0" type="stmt"/>
          <line num="17" count="0" type="stmt"/>
          <line num="18" count="0" type="stmt"/>
        </file>
        <file name="Vicars.vue" path="/Users/sidhinthomas/workspace/church/src/components/Vicars.vue">
          <metrics statements="2" coveredstatements="0" conditionals="0" coveredconditionals="0" methods="1" coveredmethods="0"/>
          <line num="79" count="0" type="stmt"/>
          <line num="80" count="0" type="stmt"/>
        </file>
      </package>
    </metrics>
  </project>
</coverage>
