{"/Users/sidhinthomas/workspace/church/src/App.vue": {"path":"/Users/sidhinthomas/workspace/church/src/App.vue","statementMap":{"0":{"start":{"line":10,"column":0},"end":{"line":null,"column":-1}},"1":{"start":{"line":11,"column":0},"end":{"line":null,"column":-1}}},"fnMap":{"0":{"name":"created","decl":{"start":{"line":19,"column":0},"end":{"line":null,"column":-1}},"loc":{"start":{"line":19,"column":0},"end":{"line":null,"column":-1}}}},"branchMap":{},"s":{"0":0,"1":0},"f":{"0":0},"b":{}}
,"/Users/sidhinthomas/workspace/church/src/components/HelloWorld.vue": {"path":"/Users/sidhinthomas/workspace/church/src/components/HelloWorld.vue","statementMap":{"0":{"start":{"line":90,"column":0},"end":{"line":null,"column":-1}}},"fnMap":{"0":{"name":"data","decl":{"start":{"line":89,"column":0},"end":{"line":null,"column":-1}},"loc":{"start":{"line":89,"column":0},"end":{"line":93,"column":0}}}},"branchMap":{},"s":{"0":1},"f":{"0":1},"b":{}}
,"/Users/sidhinthomas/workspace/church/src/components/Home.vue": {"path":"/Users/sidhinthomas/workspace/church/src/components/Home.vue","statementMap":{"0":{"start":{"line":48,"column":0},"end":{"line":null,"column":-1}},"1":{"start":{"line":50,"column":0},"end":{"line":null,"column":-1}},"2":{"start":{"line":53,"column":0},"end":{"line":null,"column":-1}},"3":{"start":{"line":54,"column":0},"end":{"line":null,"column":-1}},"4":{"start":{"line":58,"column":0},"end":{"line":null,"column":-1}},"5":{"start":{"line":63,"column":0},"end":{"line":null,"column":-1}},"6":{"start":{"line":70,"column":0},"end":{"line":null,"column":-1}}},"fnMap":{"0":{"name":"initMaterialCSS","decl":{"start":{"line":51,"column":0},"end":{"line":null,"column":-1}},"loc":{"start":{"line":51,"column":0},"end":{"line":59,"column":0}}},"1":{"name":"data","decl":{"start":{"line":62,"column":0},"end":{"line":null,"column":-1}},"loc":{"start":{"line":62,"column":0},"end":{"line":68,"column":0}}},"2":{"name":"mounted","decl":{"start":{"line":69,"column":0},"end":{"line":null,"column":-1}},"loc":{"start":{"line":69,"column":0},"end":{"line":71,"column":0}}}},"branchMap":{},"s":{"0":0,"1":0,"2":0,"3":0,"4":0,"5":0,"6":0},"f":{"0":0,"1":0,"2":0},"b":{}}
,"/Users/sidhinthomas/workspace/church/src/components/Navbar.vue": {"path":"/Users/sidhinthomas/workspace/church/src/components/Navbar.vue","statementMap":{"0":{"start":{"line":56,"column":0},"end":{"line":null,"column":-1}},"1":{"start":{"line":59,"column":0},"end":{"line":null,"column":-1}},"2":{"start":{"line":60,"column":0},"end":{"line":67,"column":0}},"3":{"start":{"line":61,"column":0},"end":{"line":62,"column":0}},"4":{"start":{"line":73,"column":0},"end":{"line":null,"column":-1}}},"fnMap":{"0":{"name":"initMaterialCSS","decl":{"start":{"line":55,"column":0},"end":{"line":null,"column":-1}},"loc":{"start":{"line":55,"column":0},"end":{"line":57,"column":0}}},"1":{"name":"initialize","decl":{"start":{"line":58,"column":0},"end":{"line":null,"column":-1}},"loc":{"start":{"line":58,"column":0},"end":{"line":68,"column":0}}},"2":{"name":"(anonymous_3)","decl":{"start":{"line":60,"column":0},"end":{"line":null,"column":-1}},"loc":{"start":{"line":60,"column":0},"end":{"line":67,"column":0}}},"3":{"name":"mounted","decl":{"start":{"line":72,"column":0},"end":{"line":null,"column":-1}},"loc":{"start":{"line":72,"column":0},"end":{"line":74,"column":0}}}},"branchMap":{},"s":{"0":0,"1":0,"2":0,"3":0,"4":0},"f":{"0":0,"1":0,"2":0,"3":0},"b":{}}
,"/Users/sidhinthomas/workspace/church/src/components/Notice.vue": {"path":"/Users/sidhinthomas/workspace/church/src/components/Notice.vue","statementMap":{"0":{"start":{"line":16,"column":0},"end":{"line":null,"column":-1}},"1":{"start":{"line":17,"column":0},"end":{"line":null,"column":-1}},"2":{"start":{"line":18,"column":0},"end":{"line":null,"column":-1}}},"fnMap":{"0":{"name":"init","decl":{"start":{"line":15,"column":0},"end":{"line":null,"column":-1}},"loc":{"start":{"line":15,"column":0},"end":{"line":19,"column":0}}}},"branchMap":{},"s":{"0":0,"1":0,"2":0},"f":{"0":0},"b":{}}
,"/Users/sidhinthomas/workspace/church/src/components/Vicars.vue": {"path":"/Users/sidhinthomas/workspace/church/src/components/Vicars.vue","statementMap":{"0":{"start":{"line":79,"column":0},"end":{"line":null,"column":-1}},"1":{"start":{"line":80,"column":0},"end":{"line":null,"column":-1}}},"fnMap":{"0":{"name":"init","decl":{"start":{"line":78,"column":0},"end":{"line":null,"column":-1}},"loc":{"start":{"line":78,"column":0},"end":{"line":81,"column":0}}}},"branchMap":{},"s":{"0":0,"1":0},"f":{"0":0},"b":{}}
}
