TN:
SF:/Users/sidhinthomas/workspace/church/src/App.vue
FN:19,created
FNF:1
FNH:0
FNDA:0,created
DA:10,0
DA:11,0
LF:2
LH:0
BRF:0
BRH:0
end_of_record
TN:
SF:/Users/sidhinthomas/workspace/church/src/components/HelloWorld.vue
FN:89,data
FNF:1
FNH:1
FNDA:1,data
DA:90,1
LF:1
LH:1
BRF:0
BRH:0
end_of_record
TN:
SF:/Users/sidhinthomas/workspace/church/src/components/Home.vue
FN:51,initMaterialCSS
FN:62,data
FN:69,mounted
FNF:3
FNH:0
FNDA:0,initMaterialCSS
FNDA:0,data
FNDA:0,mounted
DA:48,0
DA:50,0
DA:53,0
DA:54,0
DA:58,0
DA:63,0
DA:70,0
LF:7
LH:0
BRF:0
BRH:0
end_of_record
TN:
SF:/Users/sidhinthomas/workspace/church/src/components/Navbar.vue
FN:55,initMaterialCSS
FN:58,initialize
FN:60,(anonymous_3)
FN:72,mounted
FNF:4
FNH:0
FNDA:0,initMaterialCSS
FNDA:0,initialize
FNDA:0,(anonymous_3)
FNDA:0,mounted
DA:56,0
DA:59,0
DA:60,0
DA:61,0
DA:73,0
LF:5
LH:0
BRF:0
BRH:0
end_of_record
TN:
SF:/Users/sidhinthomas/workspace/church/src/components/Notice.vue
FN:15,init
FNF:1
FNH:0
FNDA:0,init
DA:16,0
DA:17,0
DA:18,0
LF:3
LH:0
BRF:0
BRH:0
end_of_record
TN:
SF:/Users/sidhinthomas/workspace/church/src/components/Vicars.vue
FN:78,init
FNF:1
FNH:0
FNDA:0,init
DA:79,0
DA:80,0
LF:2
LH:0
BRF:0
BRH:0
end_of_record
